C51 COMPILER V9.54   MAIN                                                                  10/11/2022 15:10:17 PAGE 1   


C51 COMPILER V9.54, COMPILATION OF MODULE MAIN
OBJECT MODULE PLACED IN .\Objects\main.obj
COMPILER INVOKED BY: C:\Keil_v5\C51\BIN\C51.EXE main.c OPTIMIZE(8,SPEED) BROWSE DEBUG OBJECTEXTEND PRINT(.\Listings\main
                    -.lst) TABS(2) OBJECT(.\Objects\main.obj)

line level    source

   1          #include <REGX52.H>
   2          #include <INTRINS.H>
   3          void Delay(unsigned int xms)
   4            {
   5   1          unsigned char i,j;
   6   1          _nop_();
   7   1          while(xms--)
   8   1          {
   9   2          i=2;
  10   2          j=239;
  11   2          do
  12   2          {
  13   3          while(--j);}
  14   2          while(--i);
  15   2      }
  16   1      }
  17          
  18          void main(){
  19   1         while(1)
  20   1         {
  21   2           P2=0xFE;
  22   2         Delay(500);
  23   2           P2=0xFD;
  24   2         Delay(400);
  25   2           P2=0xFB;
  26   2         Delay(300);
  27   2           P2=0xF7;
  28   2         Delay(200);
  29   2           P2=0xEF;
  30   2         Delay(150);
  31   2           P2=0xDF;
  32   2         Delay(100);
  33   2         P2=0xBF;
  34   2         Delay(50);
  35   2           P2=0x7F;
  36   2         Delay(10);
  37   2           
  38   2         }
  39   1      
  40   1      
  41   1      }
  42          
  43          


MODULE INFORMATION:   STATIC OVERLAYABLE
   CODE SIZE        =    104    ----
   CONSTANT SIZE    =   ----    ----
   XDATA SIZE       =   ----    ----
   PDATA SIZE       =   ----    ----
   DATA SIZE        =   ----    ----
   IDATA SIZE       =   ----    ----
   BIT SIZE         =   ----    ----
END OF MODULE INFORMATION.

C51 COMPILER V9.54   MAIN                                                                  10/11/2022 15:10:17 PAGE 2   


C51 COMPILATION COMPLETE.  0 WARNING(S),  0 ERROR(S)
